2023-04-07T11:04:35.777+05:30  INFO 17332 --- [restartedMain] c.c.a.AllergyServiceApplication          : Starting AllergyServiceApplication using Java 17.0.6 with PID 17332 (C:\Users\KUNAL\Desktop\final-integration\Final-integration\Microservices\g3-allergy-service\target\classes started by KUNAL in C:\Users\KUNAL\Desktop\final-integration\Final-integration\Microservices\g3-allergy-service)
2023-04-07T11:04:35.846+05:30  INFO 17332 --- [restartedMain] c.c.a.AllergyServiceApplication          : No active profile set, falling back to 1 default profile: "default"
2023-04-07T11:04:36.220+05:30  INFO 17332 --- [restartedMain] .e.DevToolsPropertyDefaultsPostProcessor : Devtools property defaults active! Set 'spring.devtools.add-properties' to 'false' to disable
2023-04-07T11:04:36.224+05:30  INFO 17332 --- [restartedMain] .e.DevToolsPropertyDefaultsPostProcessor : For additional web related logging consider setting the 'logging.level.web' property to 'DEBUG'
2023-04-07T11:04:42.298+05:30  INFO 17332 --- [restartedMain] .s.d.r.c.RepositoryConfigurationDelegate : Bootstrapping Spring Data JPA repositories in DEFAULT mode.
2023-04-07T11:04:43.297+05:30  INFO 17332 --- [restartedMain] .s.d.r.c.RepositoryConfigurationDelegate : Finished Spring Data repository scanning in 968 ms. Found 1 JPA repository interfaces.
2023-04-07T11:04:44.530+05:30  INFO 17332 --- [restartedMain] o.s.cloud.context.scope.GenericScope     : BeanFactory id=b4743ae2-2060-3986-be4b-628a2467b7a6
2023-04-07T11:04:45.107+05:30  INFO 17332 --- [restartedMain] trationDelegate$BeanPostProcessorChecker : Bean 'org.springframework.ws.config.annotation.DelegatingWsConfiguration' of type [org.springframework.ws.config.annotation.DelegatingWsConfiguration$$SpringCGLIB$$0] is not eligible for getting processed by all BeanPostProcessors (for example: not eligible for auto-proxying)
2023-04-07T11:04:45.439+05:30  INFO 17332 --- [restartedMain] .w.s.a.s.AnnotationActionEndpointMapping : Supporting [WS-Addressing August 2004, WS-Addressing 1.0]
2023-04-07T11:04:48.331+05:30  INFO 17332 --- [restartedMain] o.s.b.w.embedded.tomcat.TomcatWebServer  : Tomcat initialized with port(s): 9002 (http)
2023-04-07T11:04:48.379+05:30  INFO 17332 --- [restartedMain] o.apache.catalina.core.StandardService   : Starting service [Tomcat]
2023-04-07T11:04:48.382+05:30  INFO 17332 --- [restartedMain] o.apache.catalina.core.StandardEngine    : Starting Servlet engine: [Apache Tomcat/10.1.5]
2023-04-07T11:04:48.679+05:30  INFO 17332 --- [restartedMain] o.a.c.c.C.[Tomcat].[localhost].[/]       : Initializing Spring embedded WebApplicationContext
2023-04-07T11:04:48.684+05:30  INFO 17332 --- [restartedMain] w.s.c.ServletWebServerApplicationContext : Root WebApplicationContext: initialization completed in 12458 ms
2023-04-07T11:04:49.583+05:30  INFO 17332 --- [restartedMain] o.hibernate.jpa.internal.util.LogHelper  : HHH000204: Processing PersistenceUnitInfo [name: default]
2023-04-07T11:04:49.883+05:30  INFO 17332 --- [restartedMain] org.hibernate.Version                    : HHH000412: Hibernate ORM core version 6.1.7.Final
2023-04-07T11:04:51.476+05:30  INFO 17332 --- [restartedMain] com.zaxxer.hikari.HikariDataSource       : HikariPool-1 - Starting...
2023-04-07T11:04:53.457+05:30  INFO 17332 --- [restartedMain] com.zaxxer.hikari.pool.HikariPool        : HikariPool-1 - Added connection com.mysql.cj.jdbc.ConnectionImpl@512ec2d7
2023-04-07T11:04:53.464+05:30  INFO 17332 --- [restartedMain] com.zaxxer.hikari.HikariDataSource       : HikariPool-1 - Start completed.
2023-04-07T11:04:54.003+05:30  INFO 17332 --- [restartedMain] SQL dialect                              : HHH000400: Using dialect: org.hibernate.dialect.MySQLDialect
2023-04-07T11:04:58.715+05:30  INFO 17332 --- [restartedMain] o.h.e.t.j.p.i.JtaPlatformInitiator       : HHH000490: Using JtaPlatform implementation: [org.hibernate.engine.transaction.jta.platform.internal.NoJtaPlatform]
2023-04-07T11:04:58.734+05:30  INFO 17332 --- [restartedMain] j.LocalContainerEntityManagerFactoryBean : Initialized JPA EntityManagerFactory for persistence unit 'default'
2023-04-07T11:05:01.592+05:30  WARN 17332 --- [restartedMain] JpaBaseConfiguration$JpaWebConfiguration : spring.jpa.open-in-view is enabled by default. Therefore, database queries may be performed during view rendering. Explicitly configure spring.jpa.open-in-view to disable this warning
2023-04-07T11:05:10.523+05:30  INFO 17332 --- [restartedMain] o.s.b.d.a.OptionalLiveReloadServer       : LiveReload server is running on port 35729
2023-04-07T11:05:12.366+05:30  WARN 17332 --- [restartedMain] iguration$LoadBalancerCaffeineWarnLogger : Spring Cloud LoadBalancer is currently working with the default cache. While this cache implementation is useful for development and tests, it's recommended to use Caffeine cache in production.You can switch to using Caffeine cache, by adding it and org.springframework.cache.caffeine.CaffeineCacheManager to the classpath.
2023-04-07T11:05:12.395+05:30  INFO 17332 --- [restartedMain] o.s.b.a.e.web.EndpointLinksResolver      : Exposing 19 endpoint(s) beneath base path '/actuator'
2023-04-07T11:05:13.386+05:30  INFO 17332 --- [restartedMain] o.s.b.w.embedded.tomcat.TomcatWebServer  : Tomcat started on port(s): 9002 (http) with context path ''
2023-04-07T11:05:13.439+05:30  INFO 17332 --- [restartedMain] o.s.c.c.s.ConsulServiceRegistry          : Registering service with consul: NewService{id='g3-allergy-service-9002', name='g3-allergy-service', tags=[], address='LENOVO-2021', meta={secure=false}, port=9002, enableTagOverride=null, check=Check{script='null', dockerContainerID='null', shell='null', interval='10s', ttl='null', http='http://LENOVO-2021:9002/actuator/health', method='null', header={}, tcp='null', timeout='null', deregisterCriticalServiceAfter='null', tlsSkipVerify=null, status='null', grpc='null', grpcUseTLS=null}, checks=null}
2023-04-07T11:05:16.368+05:30  INFO 17332 --- [restartedMain] c.c.a.AllergyServiceApplication          : Started AllergyServiceApplication in 45.388 seconds (process running for 50.58)
2023-04-07T11:05:20.684+05:30  INFO 17332 --- [http-nio-9002-exec-2] o.a.c.c.C.[Tomcat].[localhost].[/]       : Initializing Spring DispatcherServlet 'dispatcherServlet'
2023-04-07T11:05:20.684+05:30  INFO 17332 --- [http-nio-9002-exec-2] o.s.web.servlet.DispatcherServlet        : Initializing Servlet 'dispatcherServlet'
2023-04-07T11:05:20.689+05:30  INFO 17332 --- [http-nio-9002-exec-2] o.s.web.servlet.DispatcherServlet        : Completed initialization in 5 ms
2023-04-07T11:09:29.181+05:30  INFO 17332 --- [File Watcher] rtingClassPathChangeChangedEventListener : Restarting due to 3 class path changes (0 additions, 0 deletions, 3 modifications)
2023-04-07T11:09:30.965+05:30  INFO 17332 --- [Thread-7] o.apache.catalina.core.StandardService   : Stopping service [Tomcat]
2023-04-07T11:09:31.120+05:30  INFO 17332 --- [Thread-7] o.a.c.c.C.[Tomcat].[localhost].[/]       : Destroying Spring FrameworkServlet 'dispatcherServlet'
2023-04-07T11:09:31.618+05:30  INFO 17332 --- [Thread-7] o.s.c.c.s.ConsulServiceRegistry          : Deregistering service with consul: g3-allergy-service-9002
2023-04-07T11:09:32.422+05:30  INFO 17332 --- [Thread-7] j.LocalContainerEntityManagerFactoryBean : Closing JPA EntityManagerFactory for persistence unit 'default'
2023-04-07T11:09:33.009+05:30  INFO 17332 --- [Thread-7] com.zaxxer.hikari.HikariDataSource       : HikariPool-1 - Shutdown initiated...
2023-04-07T11:09:33.459+05:30  INFO 17332 --- [Thread-7] com.zaxxer.hikari.HikariDataSource       : HikariPool-1 - Shutdown completed.
2023-04-07T11:09:37.291+05:30  INFO 17332 --- [restartedMain] c.c.a.AllergyServiceApplication          : Starting AllergyServiceApplication using Java 17.0.6 with PID 17332 (C:\Users\KUNAL\Desktop\final-integration\Final-integration\Microservices\g3-allergy-service\target\classes started by KUNAL in C:\Users\KUNAL\Desktop\final-integration\Final-integration\Microservices\g3-allergy-service)
2023-04-07T11:09:37.293+05:30  INFO 17332 --- [restartedMain] c.c.a.AllergyServiceApplication          : No active profile set, falling back to 1 default profile: "default"
2023-04-07T11:09:40.684+05:30  INFO 17332 --- [restartedMain] .s.d.r.c.RepositoryConfigurationDelegate : Bootstrapping Spring Data JPA repositories in DEFAULT mode.
2023-04-07T11:09:40.789+05:30  INFO 17332 --- [restartedMain] .s.d.r.c.RepositoryConfigurationDelegate : Finished Spring Data repository scanning in 103 ms. Found 1 JPA repository interfaces.
2023-04-07T11:09:41.508+05:30  INFO 17332 --- [restartedMain] o.s.cloud.context.scope.GenericScope     : BeanFactory id=b4743ae2-2060-3986-be4b-628a2467b7a6
2023-04-07T11:09:41.578+05:30  INFO 17332 --- [restartedMain] trationDelegate$BeanPostProcessorChecker : Bean 'org.springframework.ws.config.annotation.DelegatingWsConfiguration' of type [org.springframework.ws.config.annotation.DelegatingWsConfiguration$$SpringCGLIB$$0] is not eligible for getting processed by all BeanPostProcessors (for example: not eligible for auto-proxying)
2023-04-07T11:09:41.676+05:30  INFO 17332 --- [restartedMain] .w.s.a.s.AnnotationActionEndpointMapping : Supporting [WS-Addressing August 2004, WS-Addressing 1.0]
2023-04-07T11:09:42.783+05:30  INFO 17332 --- [restartedMain] o.s.b.w.embedded.tomcat.TomcatWebServer  : Tomcat initialized with port(s): 9002 (http)
2023-04-07T11:09:42.981+05:30  INFO 17332 --- [restartedMain] o.apache.catalina.core.StandardService   : Starting service [Tomcat]
2023-04-07T11:09:42.981+05:30  INFO 17332 --- [restartedMain] o.apache.catalina.core.StandardEngine    : Starting Servlet engine: [Apache Tomcat/10.1.5]
2023-04-07T11:09:43.302+05:30  INFO 17332 --- [restartedMain] o.a.c.c.C.[Tomcat].[localhost].[/]       : Initializing Spring embedded WebApplicationContext
2023-04-07T11:09:43.302+05:30  INFO 17332 --- [restartedMain] w.s.c.ServletWebServerApplicationContext : Root WebApplicationContext: initialization completed in 5993 ms
2023-04-07T11:09:43.592+05:30  INFO 17332 --- [restartedMain] o.hibernate.jpa.internal.util.LogHelper  : HHH000204: Processing PersistenceUnitInfo [name: default]
2023-04-07T11:09:43.606+05:30  INFO 17332 --- [restartedMain] com.zaxxer.hikari.HikariDataSource       : HikariPool-2 - Starting...
2023-04-07T11:09:43.844+05:30  INFO 17332 --- [restartedMain] com.zaxxer.hikari.pool.HikariPool        : HikariPool-2 - Added connection com.mysql.cj.jdbc.ConnectionImpl@39e53e53
2023-04-07T11:09:43.846+05:30  INFO 17332 --- [restartedMain] com.zaxxer.hikari.HikariDataSource       : HikariPool-2 - Start completed.
2023-04-07T11:09:43.849+05:30  INFO 17332 --- [restartedMain] SQL dialect                              : HHH000400: Using dialect: org.hibernate.dialect.MySQLDialect
2023-04-07T11:09:44.939+05:30  INFO 17332 --- [restartedMain] o.h.e.t.j.p.i.JtaPlatformInitiator       : HHH000490: Using JtaPlatform implementation: [org.hibernate.engine.transaction.jta.platform.internal.NoJtaPlatform]
2023-04-07T11:09:44.940+05:30  INFO 17332 --- [restartedMain] j.LocalContainerEntityManagerFactoryBean : Initialized JPA EntityManagerFactory for persistence unit 'default'
2023-04-07T11:09:45.119+05:30  WARN 17332 --- [restartedMain] JpaBaseConfiguration$JpaWebConfiguration : spring.jpa.open-in-view is enabled by default. Therefore, database queries may be performed during view rendering. Explicitly configure spring.jpa.open-in-view to disable this warning
2023-04-07T11:09:47.596+05:30  INFO 17332 --- [restartedMain] o.s.b.d.a.OptionalLiveReloadServer       : LiveReload server is running on port 35729
2023-04-07T11:09:47.814+05:30  WARN 17332 --- [restartedMain] iguration$LoadBalancerCaffeineWarnLogger : Spring Cloud LoadBalancer is currently working with the default cache. While this cache implementation is useful for development and tests, it's recommended to use Caffeine cache in production.You can switch to using Caffeine cache, by adding it and org.springframework.cache.caffeine.CaffeineCacheManager to the classpath.
2023-04-07T11:09:47.821+05:30  INFO 17332 --- [restartedMain] o.s.b.a.e.web.EndpointLinksResolver      : Exposing 19 endpoint(s) beneath base path '/actuator'
2023-04-07T11:09:47.999+05:30  INFO 17332 --- [restartedMain] o.s.b.w.embedded.tomcat.TomcatWebServer  : Tomcat started on port(s): 9002 (http) with context path ''
2023-04-07T11:09:48.003+05:30  INFO 17332 --- [restartedMain] o.s.c.c.s.ConsulServiceRegistry          : Registering service with consul: NewService{id='g3-allergy-service-9002', name='g3-allergy-service', tags=[], address='LENOVO-2021', meta={secure=false}, port=9002, enableTagOverride=null, check=Check{script='null', dockerContainerID='null', shell='null', interval='10s', ttl='null', http='http://LENOVO-2021:9002/actuator/health', method='null', header={}, tcp='null', timeout='null', deregisterCriticalServiceAfter='null', tlsSkipVerify=null, status='null', grpc='null', grpcUseTLS=null}, checks=null}
2023-04-07T11:09:48.305+05:30  INFO 17332 --- [restartedMain] c.c.a.AllergyServiceApplication          : Started AllergyServiceApplication in 12.089 seconds (process running for 322.517)
2023-04-07T11:09:48.320+05:30  INFO 17332 --- [restartedMain] .ConditionEvaluationDeltaLoggingListener : Condition evaluation unchanged
2023-04-07T11:09:52.130+05:30  INFO 17332 --- [http-nio-9002-exec-1] o.a.c.c.C.[Tomcat].[localhost].[/]       : Initializing Spring DispatcherServlet 'dispatcherServlet'
2023-04-07T11:09:52.132+05:30  INFO 17332 --- [http-nio-9002-exec-1] o.s.web.servlet.DispatcherServlet        : Initializing Servlet 'dispatcherServlet'
2023-04-07T11:09:52.138+05:30  INFO 17332 --- [http-nio-9002-exec-1] o.s.web.servlet.DispatcherServlet        : Completed initialization in 6 ms
2023-04-07T21:54:31.133+05:30  INFO 17148 --- [restartedMain] c.c.a.AllergyServiceApplication          : Starting AllergyServiceApplication using Java 17.0.6 with PID 17148 (C:\Users\KUNAL\Desktop\final-integration\Final-integration\Microservices\g3-allergy-service\target\classes started by KUNAL in C:\Users\KUNAL\Desktop\final-integration\Final-integration\Microservices\g3-allergy-service)
2023-04-07T21:54:31.137+05:30  INFO 17148 --- [restartedMain] c.c.a.AllergyServiceApplication          : No active profile set, falling back to 1 default profile: "default"
2023-04-07T21:54:31.190+05:30  INFO 17148 --- [restartedMain] .e.DevToolsPropertyDefaultsPostProcessor : Devtools property defaults active! Set 'spring.devtools.add-properties' to 'false' to disable
2023-04-07T21:54:31.191+05:30  INFO 17148 --- [restartedMain] .e.DevToolsPropertyDefaultsPostProcessor : For additional web related logging consider setting the 'logging.level.web' property to 'DEBUG'
2023-04-07T21:54:32.646+05:30  INFO 17148 --- [restartedMain] .s.d.r.c.RepositoryConfigurationDelegate : Bootstrapping Spring Data JPA repositories in DEFAULT mode.
2023-04-07T21:54:32.856+05:30  INFO 17148 --- [restartedMain] .s.d.r.c.RepositoryConfigurationDelegate : Finished Spring Data repository scanning in 199 ms. Found 1 JPA repository interfaces.
2023-04-07T21:54:33.580+05:30  INFO 17148 --- [restartedMain] o.s.cloud.context.scope.GenericScope     : BeanFactory id=b4743ae2-2060-3986-be4b-628a2467b7a6
2023-04-07T21:54:33.917+05:30  INFO 17148 --- [restartedMain] trationDelegate$BeanPostProcessorChecker : Bean 'org.springframework.ws.config.annotation.DelegatingWsConfiguration' of type [org.springframework.ws.config.annotation.DelegatingWsConfiguration$$SpringCGLIB$$0] is not eligible for getting processed by all BeanPostProcessors (for example: not eligible for auto-proxying)
2023-04-07T21:54:34.015+05:30  INFO 17148 --- [restartedMain] .w.s.a.s.AnnotationActionEndpointMapping : Supporting [WS-Addressing August 2004, WS-Addressing 1.0]
2023-04-07T21:54:35.129+05:30  INFO 17148 --- [restartedMain] o.s.b.w.embedded.tomcat.TomcatWebServer  : Tomcat initialized with port(s): 9002 (http)
2023-04-07T21:54:35.152+05:30  INFO 17148 --- [restartedMain] o.apache.catalina.core.StandardService   : Starting service [Tomcat]
2023-04-07T21:54:35.153+05:30  INFO 17148 --- [restartedMain] o.apache.catalina.core.StandardEngine    : Starting Servlet engine: [Apache Tomcat/10.1.5]
2023-04-07T21:54:35.316+05:30  INFO 17148 --- [restartedMain] o.a.c.c.C.[Tomcat].[localhost].[/]       : Initializing Spring embedded WebApplicationContext
2023-04-07T21:54:35.317+05:30  INFO 17148 --- [restartedMain] w.s.c.ServletWebServerApplicationContext : Root WebApplicationContext: initialization completed in 4124 ms
2023-04-07T21:54:35.870+05:30  INFO 17148 --- [restartedMain] o.hibernate.jpa.internal.util.LogHelper  : HHH000204: Processing PersistenceUnitInfo [name: default]
2023-04-07T21:54:35.969+05:30  INFO 17148 --- [restartedMain] org.hibernate.Version                    : HHH000412: Hibernate ORM core version 6.1.7.Final
2023-04-07T21:54:36.437+05:30  INFO 17148 --- [restartedMain] com.zaxxer.hikari.HikariDataSource       : HikariPool-1 - Starting...
2023-04-07T21:54:36.693+05:30  INFO 17148 --- [restartedMain] com.zaxxer.hikari.pool.HikariPool        : HikariPool-1 - Added connection com.mysql.cj.jdbc.ConnectionImpl@2c02b4be
2023-04-07T21:54:36.696+05:30  INFO 17148 --- [restartedMain] com.zaxxer.hikari.HikariDataSource       : HikariPool-1 - Start completed.
2023-04-07T21:54:36.814+05:30  INFO 17148 --- [restartedMain] SQL dialect                              : HHH000400: Using dialect: org.hibernate.dialect.MySQLDialect
2023-04-07T21:54:37.736+05:30  INFO 17148 --- [restartedMain] o.h.e.t.j.p.i.JtaPlatformInitiator       : HHH000490: Using JtaPlatform implementation: [org.hibernate.engine.transaction.jta.platform.internal.NoJtaPlatform]
2023-04-07T21:54:37.748+05:30  INFO 17148 --- [restartedMain] j.LocalContainerEntityManagerFactoryBean : Initialized JPA EntityManagerFactory for persistence unit 'default'
2023-04-07T21:54:38.136+05:30  WARN 17148 --- [restartedMain] JpaBaseConfiguration$JpaWebConfiguration : spring.jpa.open-in-view is enabled by default. Therefore, database queries may be performed during view rendering. Explicitly configure spring.jpa.open-in-view to disable this warning
2023-04-07T21:54:39.888+05:30  INFO 17148 --- [restartedMain] o.s.b.d.a.OptionalLiveReloadServer       : LiveReload server is running on port 35729
2023-04-07T21:54:40.537+05:30  WARN 17148 --- [restartedMain] iguration$LoadBalancerCaffeineWarnLogger : Spring Cloud LoadBalancer is currently working with the default cache. While this cache implementation is useful for development and tests, it's recommended to use Caffeine cache in production.You can switch to using Caffeine cache, by adding it and org.springframework.cache.caffeine.CaffeineCacheManager to the classpath.
2023-04-07T21:54:40.565+05:30  INFO 17148 --- [restartedMain] o.s.b.a.e.web.EndpointLinksResolver      : Exposing 19 endpoint(s) beneath base path '/actuator'
2023-04-07T21:54:40.815+05:30  INFO 17148 --- [restartedMain] o.s.b.w.embedded.tomcat.TomcatWebServer  : Tomcat started on port(s): 9002 (http) with context path ''
2023-04-07T21:54:40.820+05:30  INFO 17148 --- [restartedMain] o.s.c.c.s.ConsulServiceRegistry          : Registering service with consul: NewService{id='g3-allergy-service-9002', name='g3-allergy-service', tags=[], address='LENOVO-2021', meta={secure=false}, port=9002, enableTagOverride=null, check=Check{script='null', dockerContainerID='null', shell='null', interval='10s', ttl='null', http='http://LENOVO-2021:9002/actuator/health', method='null', header={}, tcp='null', timeout='null', deregisterCriticalServiceAfter='null', tlsSkipVerify=null, status='null', grpc='null', grpcUseTLS=null}, checks=null}
2023-04-07T21:54:41.109+05:30  INFO 17148 --- [restartedMain] c.c.a.AllergyServiceApplication          : Started AllergyServiceApplication in 10.814 seconds (process running for 12.387)
2023-04-07T21:54:48.464+05:30  INFO 17148 --- [http-nio-9002-exec-2] o.a.c.c.C.[Tomcat].[localhost].[/]       : Initializing Spring DispatcherServlet 'dispatcherServlet'
2023-04-07T21:54:48.464+05:30  INFO 17148 --- [http-nio-9002-exec-2] o.s.web.servlet.DispatcherServlet        : Initializing Servlet 'dispatcherServlet'
2023-04-07T21:54:48.466+05:30  INFO 17148 --- [http-nio-9002-exec-2] o.s.web.servlet.DispatcherServlet        : Completed initialization in 2 ms
2023-04-07T22:38:38.239+05:30  INFO 17148 --- [http-nio-9002-exec-7] c.c.a.service.impl.AllergyServiceImpl    : Allergy List:[Allergy [allergyId=1, allergyName=food, allergyNotes=food allergy], Allergy [allergyId=2, allergyName=drugs, allergyNotes=allergies to drugs ], Allergy [allergyId=3, allergyName= insects , allergyNotes=allergies to  insects  ], Allergy [allergyId=4, allergyName=Skin Allergy, allergyNotes=allergies to Skin  ]]
2023-04-07T22:38:38.249+05:30  INFO 17148 --- [http-nio-9002-exec-7] c.c.a.controller.AllergyController       : Allergy controller passing controller to allergy service
2023-04-07T22:57:07.142+05:30  INFO 17148 --- [RMI TCP Connection(71)-127.0.0.1] inMXBeanRegistrar$SpringApplicationAdmin : Application shutdown requested.
2023-04-07T22:57:07.208+05:30  INFO 17148 --- [RMI TCP Connection(71)-127.0.0.1] o.apache.catalina.core.StandardService   : Stopping service [Tomcat]
2023-04-07T22:57:07.212+05:30  INFO 17148 --- [RMI TCP Connection(71)-127.0.0.1] o.a.c.c.C.[Tomcat].[localhost].[/]       : Destroying Spring FrameworkServlet 'dispatcherServlet'
2023-04-07T22:57:07.260+05:30  INFO 17148 --- [RMI TCP Connection(71)-127.0.0.1] o.s.c.c.s.ConsulServiceRegistry          : Deregistering service with consul: g3-allergy-service-9002
2023-04-07T22:57:07.301+05:30  INFO 17148 --- [RMI TCP Connection(71)-127.0.0.1] j.LocalContainerEntityManagerFactoryBean : Closing JPA EntityManagerFactory for persistence unit 'default'
2023-04-07T22:57:07.323+05:30  INFO 17148 --- [RMI TCP Connection(71)-127.0.0.1] com.zaxxer.hikari.HikariDataSource       : HikariPool-1 - Shutdown initiated...
2023-04-07T22:57:07.327+05:30  INFO 17148 --- [RMI TCP Connection(71)-127.0.0.1] com.zaxxer.hikari.HikariDataSource       : HikariPool-1 - Shutdown completed.
